Arguments: 
  /usr/local/bin/node /Users/yury/.yarn/bin/yarn.js global dir

PATH: 
  /Users/yury/.yarn/bin:/Users/yury/.config/yarn/global/node_modules/.bin:/Users/yury/.rbenv/shims:/usr/local/bin:/usr/local/sbin:/usr/bin:/bin:/usr/sbin:/sbin:/opt/X11/bin:/Applications/Server.app/Contents/ServerRoot/usr/bin:/Applications/Server.app/Contents/ServerRoot/usr/sbin:/Library/Apple/usr/bin:/Users/yury/.fzf/bin:/Users/yury/go/bin:/usr/local/opt/go/libexec/bin:/Users/yury/n/bin

Yarn version: 
  1.22.4

Node version: 
  12.18.3

Platform: 
  darwin x64

Trace: 
  SyntaxError: /Users/yury/Projects/lunkin.pro/package.json: Unexpected token s in JSON at position 140
      at JSON.parse (<anonymous>)
      at /Users/yury/.yarn/lib/cli.js:1625:59
      at Generator.next (<anonymous>)
      at step (/Users/yury/.yarn/lib/cli.js:310:30)
      at /Users/yury/.yarn/lib/cli.js:321:13

npm manifest: 
  {
    "name": "lunkin.pro",
    "version": "1.0.0",
    "main": "index.js",
    "license": "MIT",
    "dependencies": {
      "nextjs": "^0.0.3"
    },
    scripts: {
      "dev": "nextjs dev"
    }
  }

yarn manifest: 
  No manifest

Lockfile: 
  # THIS IS AN AUTOGENERATED FILE. DO NOT EDIT THIS FILE DIRECTLY.
  # yarn lockfile v1
  
  
  nextjs@^0.0.3:
    version "0.0.3"
    resolved "https://registry.yarnpkg.com/nextjs/-/nextjs-0.0.3.tgz#4f4d1d6a257be920d9b9649d4d9522c724a4e543"
    integrity sha1-T00daiV76SDZuWSdTZUixySk5UM=
